Build started 10/21/2016 2:11:21 PM.
     1>Project "C:\Users\Maykol Burgos\Desktop\Universidad\UNA\II Ciclo\Programación I\Proyectos\Proyecto II\Progra1_Proyect2\Progra1_Proyecto2\Progra1_Proyecto2.vcxproj" on node 2 (Build target(s)).
     1>ClCompile:
         C:\Program Files (x86)\Microsoft Visual Studio 11.0\VC\bin\CL.exe /c /ZI /nologo /W3 /WX- /sdl /Od /Oy- /D _MBCS /Gm /EHsc /RTC1 /MDd /GS /fp:precise /Zc:wchar_t /Zc:forScope /Fo"Debug\\" /Fd"Debug\vc110.pdb" /Gd /TP /analyze- /errorReport:prompt Ferrocarril.cpp ServicioPublico.cpp
         ServicioPublico.cpp
         Ferrocarril.cpp
         Generando código...
       Link:
         C:\Program Files (x86)\Microsoft Visual Studio 11.0\VC\bin\link.exe /ERRORREPORT:PROMPT /OUT:"C:\Users\Maykol Burgos\Desktop\Universidad\UNA\II Ciclo\Programación I\Proyectos\Proyecto II\Progra1_Proyect2\Debug\Progra1_Proyecto2.exe" /INCREMENTAL /NOLOGO kernel32.lib user32.lib gdi32.lib winspool.lib comdlg32.lib advapi32.lib shell32.lib ole32.lib oleaut32.lib uuid.lib odbc32.lib odbccp32.lib /MANIFEST /MANIFESTUAC:"level='asInvoker' uiAccess='false'" /manifest:embed /DEBUG /PDB:"C:\Users\Maykol Burgos\Desktop\Universidad\UNA\II Ciclo\Programación I\Proyectos\Proyecto II\Progra1_Proyect2\Debug\Progra1_Proyecto2.pdb" /TLBID:1 /DYNAMICBASE /NXCOMPAT /IMPLIB:"C:\Users\Maykol Burgos\Desktop\Universidad\UNA\II Ciclo\Programación I\Proyectos\Proyecto II\Progra1_Proyect2\Debug\Progra1_Proyecto2.lib" /MACHINE:X86 Debug\Carcel.obj
         Debug\CartaSuerte.obj
         Debug\Casilla.obj
         Debug\CasillaSuerte.obj
         Debug\ControlSuerte.obj
         Debug\Dado.obj
         Debug\Ferrocarril.obj
         Debug\Jugador.obj
         Debug\main.obj
         Debug\NodoCasilla.obj
         Debug\ServicioPublico.obj
         Debug\Solar.obj
         Progra1_Proyecto2.vcxproj -> C:\Users\Maykol Burgos\Desktop\Universidad\UNA\II Ciclo\Programación I\Proyectos\Proyecto II\Progra1_Proyect2\Debug\Progra1_Proyecto2.exe
     1>Done Building Project "C:\Users\Maykol Burgos\Desktop\Universidad\UNA\II Ciclo\Programación I\Proyectos\Proyecto II\Progra1_Proyect2\Progra1_Proyecto2\Progra1_Proyecto2.vcxproj" (Build target(s)).

Build succeeded.

Time Elapsed 00:00:02.31
